Building a SMALL index
17525116 reads; of these:
  17525116 (100.00%) were paired; of these:
    17525100 (100.00%) aligned concordantly 0 times
    15 (0.00%) aligned concordantly exactly 1 time
    1 (0.00%) aligned concordantly >1 times
    ----
    17525100 pairs aligned concordantly 0 times; of these:
      659402 (3.76%) aligned discordantly 1 time
    ----
    16865698 pairs aligned 0 times concordantly or discordantly; of these:
      33731396 mates make up the pairs; of these:
        29168268 (86.47%) aligned 0 times
        4458662 (13.22%) aligned exactly 1 time
        104466 (0.31%) aligned >1 times
16.78% overall alignment rate
                                                                                [48;5;6m[38;5;0m[04 Jan 22 23:37:20 SORT] Sorting BAM File... May take a while depending  (...)[0m                                                                                Sorted BAM File ..............................: /home/jemizzi/biogeo/data/02_mapping/ERR3192241/ERR3192241.bam
                                                                                [48;5;6m[38;5;0m[04 Jan 22 23:42:29 INDEX] Indexing BAM File...                                [0m                                                                                BAM File Index ...............................: /home/jemizzi/biogeo/data/02_mapping/ERR3192241/ERR3192241.bam.bai
Output depth matrix to 03_binning/ERR3192241/depth.txt
jgi_summarize_bam_contig_depths 2.15 (Bioconda) 2020-01-04T21:10:40
Output matrix to 03_binning/ERR3192241/depth.txt
0: Opening bam: 02_mapping/ERR3192241/ERR3192241.bam
Processing bam files
Thread 0 finished: ERR3192241.bam with 5881964 reads and 4441344 readsWellMapped
Creating depth matrix file: 03_binning/ERR3192241/depth.txt
Closing most bam files
Closing last bam file
Finished
