Module megahit/1.0.6 loaded 
1003.926Gb memory in total.
Using: 903.533Gb.
MEGAHIT v1.0.6
--- [Tue Dec 28 09:33:33 2021] Start assembly. Number of CPU threads 96 ---
--- [Tue Dec 28 09:33:33 2021] Available memory: 1077956882432, used: 970161194188
--- [Tue Dec 28 09:33:33 2021] k list: 21,41,61,81,99 ---
--- [Tue Dec 28 09:33:33 2021] Converting reads to binaries ---
b'    [read_lib_functions-inl.h  : 209]     Lib 0 (SRR5891573.fastq.gz): se, 41808827 reads, 300 max length'
b'    [utils.h                   : 126]     Real: 205.5808\tuser: 108.9657\tsys: 13.2807\tmaxrss: 149624'
--- [Tue Dec 28 09:36:59 2021] Extracting solid (k+1)-mers for k = 21 ---
--- [Tue Dec 28 10:22:31 2021] Building graph for k = 21 ---
--- [Tue Dec 28 12:13:01 2021] Assembling contigs from SdBG for k = 21 ---
--- [Tue Dec 28 17:43:52 2021] Local assembling k = 21 ---
--- [Tue Dec 28 18:15:12 2021] Extracting iterative edges from k = 21 to 41 ---
--- [Tue Dec 28 19:15:33 2021] Building graph for k = 41 ---
--- [Tue Dec 28 20:11:34 2021] Assembling contigs from SdBG for k = 41 ---
--- [Tue Dec 28 23:24:43 2021] Local assembling k = 41 ---
--- [Wed Dec 29 01:13:16 2021] Extracting iterative edges from k = 41 to 61 ---
--- [Wed Dec 29 01:49:47 2021] Building graph for k = 61 ---
--- [Wed Dec 29 02:23:56 2021] Assembling contigs from SdBG for k = 61 ---
--- [Wed Dec 29 05:25:04 2021] Local assembling k = 61 ---
--- [Wed Dec 29 06:38:22 2021] Extracting iterative edges from k = 61 to 81 ---
--- [Wed Dec 29 07:12:02 2021] Building graph for k = 81 ---
--- [Wed Dec 29 07:37:46 2021] Assembling contigs from SdBG for k = 81 ---
--- [Wed Dec 29 10:40:50 2021] Local assembling k = 81 ---
--- [Wed Dec 29 11:24:20 2021] Extracting iterative edges from k = 81 to 99 ---
--- [Wed Dec 29 11:54:21 2021] Building graph for k = 99 ---
--- [Wed Dec 29 12:14:04 2021] Assembling contigs from SdBG for k = 99 ---
--- [Wed Dec 29 14:53:00 2021] Merging to output final contigs ---
--- [STAT] 6773908 contigs, total 2545729039 bp, min 200 bp, max 3614 bp, avg 376 bp, N50 358 bp
--- [Wed Dec 29 14:53:12 2021] ALL DONE. Time elapsed: 105578.715243 seconds ---
