Module megahit/1.0.6 loaded 
1007.788Gb memory in total.
Using: 907.01Gb.
MEGAHIT v1.0.6
--- [Tue Dec 14 22:23:46 2021] Start assembly. Number of CPU threads 96 ---
--- [Tue Dec 14 22:23:46 2021] Available memory: 1082104537088, used: 973894083379
--- [Tue Dec 14 22:23:46 2021] k list: 21,41,61,81,99 ---
--- [Tue Dec 14 22:23:46 2021] Converting reads to binaries ---
b'    [read_lib_functions-inl.h  : 209]     Lib 0 (SRR5891573.fastq.gz): se, 41808827 reads, 300 max length'
b'    [utils.h                   : 126]     Real: 209.9792\tuser: 108.5036\tsys: 10.3883\tmaxrss: 149544'
--- [Tue Dec 14 22:27:16 2021] Extracting solid (k+1)-mers for k = 21 ---
--- [Tue Dec 14 23:10:30 2021] Building graph for k = 21 ---
--- [Wed Dec 15 01:01:15 2021] Assembling contigs from SdBG for k = 21 ---
--- [Wed Dec 15 06:27:49 2021] Local assembling k = 21 ---
--- [Wed Dec 15 06:59:11 2021] Extracting iterative edges from k = 21 to 41 ---
--- [Wed Dec 15 07:57:32 2021] Building graph for k = 41 ---
--- [Wed Dec 15 08:56:44 2021] Assembling contigs from SdBG for k = 41 ---
--- [Wed Dec 15 12:15:27 2021] Local assembling k = 41 ---
--- [Wed Dec 15 14:07:41 2021] Extracting iterative edges from k = 41 to 61 ---
--- [Wed Dec 15 14:45:15 2021] Building graph for k = 61 ---
--- [Wed Dec 15 15:20:59 2021] Assembling contigs from SdBG for k = 61 ---
--- [Wed Dec 15 18:23:49 2021] Local assembling k = 61 ---
slurmstepd: error: *** JOB 42450161 ON bm1 CANCELLED AT 2021-12-15T18:23:58 DUE TO TIME LIMIT ***
