Building a SMALL index
16567828 reads; of these:
  16567828 (100.00%) were paired; of these:
    16567821 (100.00%) aligned concordantly 0 times
    7 (0.00%) aligned concordantly exactly 1 time
    0 (0.00%) aligned concordantly >1 times
    ----
    16567821 pairs aligned concordantly 0 times; of these:
      2276239 (13.74%) aligned discordantly 1 time
    ----
    14291582 pairs aligned 0 times concordantly or discordantly; of these:
      28583164 mates make up the pairs; of these:
        22692505 (79.39%) aligned 0 times
        5843683 (20.44%) aligned exactly 1 time
        46976 (0.16%) aligned >1 times
31.52% overall alignment rate
                                                                                [48;5;6m[38;5;0m[05 Jan 22 00:43:48 SORT] Sorting BAM File... May take a while depending  (...)[0m                                                                                Sorted BAM File ..............................: /home/jemizzi/biogeo/data/02_mapping/SRR10953298/SRR10953298.bam
                                                                                [48;5;6m[38;5;0m[05 Jan 22 00:50:50 INDEX] Indexing BAM File...                                [0m                                                                                BAM File Index ...............................: /home/jemizzi/biogeo/data/02_mapping/SRR10953298/SRR10953298.bam.bai
Output depth matrix to 03_binning/SRR10953298/depth.txt
jgi_summarize_bam_contig_depths 2.15 (Bioconda) 2020-01-04T21:10:40
Output matrix to 03_binning/SRR10953298/depth.txt
0: Opening bam: 02_mapping/SRR10953298/SRR10953298.bam
Processing bam files
Thread 0 finished: SRR10953298.bam with 10443151 reads and 8469722 readsWellMapped
Creating depth matrix file: 03_binning/SRR10953298/depth.txt
Closing most bam files
Closing last bam file
Finished
