Module megahit/1.0.6 loaded 
1007.788Gb memory in total.
Using: 907.01Gb.
MEGAHIT v1.0.6
--- [Fri Dec 24 14:20:16 2021] Start assembly. Number of CPU threads 96 ---
--- [Fri Dec 24 14:20:16 2021] Available memory: 1082104524800, used: 973894072320
--- [Fri Dec 24 14:20:16 2021] k list: 21,41,61,81,99 ---
--- [Fri Dec 24 14:20:16 2021] Converting reads to binaries ---
b'    [read_lib_functions-inl.h  : 209]     Lib 0 (SRR10953298.fastq.gz): interleaved, 33135656 reads, 302 max length'
b'    [utils.h                   : 126]     Real: 186.3141\tuser: 69.4633\tsys: 8.0095\tmaxrss: 149660'
--- [Fri Dec 24 14:23:24 2021] Extracting solid (k+1)-mers for k = 21 ---
--- [Fri Dec 24 15:04:09 2021] Building graph for k = 21 ---
--- [Fri Dec 24 16:41:07 2021] Assembling contigs from SdBG for k = 21 ---
--- [Fri Dec 24 21:40:25 2021] Local assembling k = 21 ---
--- [Fri Dec 24 22:37:45 2021] Extracting iterative edges from k = 21 to 41 ---
--- [Fri Dec 24 23:26:10 2021] Building graph for k = 41 ---
--- [Sat Dec 25 00:04:15 2021] Assembling contigs from SdBG for k = 41 ---
--- [Sat Dec 25 03:05:59 2021] Local assembling k = 41 ---
--- [Sat Dec 25 05:38:22 2021] Extracting iterative edges from k = 41 to 61 ---
--- [Sat Dec 25 06:17:50 2021] Building graph for k = 61 ---
--- [Sat Dec 25 06:57:39 2021] Assembling contigs from SdBG for k = 61 ---
--- [Sat Dec 25 10:46:14 2021] Local assembling k = 61 ---
--- [Sat Dec 25 12:43:22 2021] Extracting iterative edges from k = 61 to 81 ---
--- [Sat Dec 25 13:18:37 2021] Building graph for k = 81 ---
--- [Sat Dec 25 13:53:56 2021] Assembling contigs from SdBG for k = 81 ---
--- [Sat Dec 25 18:14:20 2021] Local assembling k = 81 ---
--- [Sat Dec 25 19:47:36 2021] Extracting iterative edges from k = 81 to 99 ---
--- [Sat Dec 25 20:15:36 2021] Building graph for k = 99 ---
--- [Sat Dec 25 20:45:24 2021] Assembling contigs from SdBG for k = 99 ---
--- [Sun Dec 26 00:50:59 2021] Merging to output final contigs ---
--- [STAT] 8148532 contigs, total 2732061200 bp, min 200 bp, max 2296 bp, avg 335 bp, N50 302 bp
--- [Sun Dec 26 00:51:13 2021] ALL DONE. Time elapsed: 124256.592593 seconds ---
