Module megahit/1.0.6 loaded 
1003.926Gb memory in total.
Using: 903.533Gb.
MEGAHIT v1.0.6
--- [Tue Dec 28 09:33:33 2021] Start assembly. Number of CPU threads 96 ---
--- [Tue Dec 28 09:33:33 2021] Available memory: 1077956882432, used: 970161194188
--- [Tue Dec 28 09:33:33 2021] k list: 21,41,61,81,99 ---
--- [Tue Dec 28 09:33:33 2021] Converting reads to binaries ---
b'    [read_lib_functions-inl.h  : 209]     Lib 0 (SRR12473531.fastq.gz): se, 22338099 reads, 302 max length'
b'    [utils.h                   : 126]     Real: 119.9757\tuser: 58.3908\tsys: 6.7007\tmaxrss: 150016'
--- [Tue Dec 28 09:35:33 2021] Extracting solid (k+1)-mers for k = 21 ---
--- [Tue Dec 28 09:57:24 2021] Building graph for k = 21 ---
--- [Tue Dec 28 10:56:09 2021] Assembling contigs from SdBG for k = 21 ---
--- [Tue Dec 28 13:34:51 2021] Local assembling k = 21 ---
--- [Tue Dec 28 13:46:52 2021] Extracting iterative edges from k = 21 to 41 ---
--- [Tue Dec 28 14:13:19 2021] Building graph for k = 41 ---
--- [Tue Dec 28 14:32:54 2021] Assembling contigs from SdBG for k = 41 ---
--- [Tue Dec 28 16:04:53 2021] Local assembling k = 41 ---
--- [Tue Dec 28 16:43:02 2021] Extracting iterative edges from k = 41 to 61 ---
--- [Tue Dec 28 16:58:24 2021] Building graph for k = 61 ---
--- [Tue Dec 28 17:11:41 2021] Assembling contigs from SdBG for k = 61 ---
--- [Tue Dec 28 18:26:03 2021] Local assembling k = 61 ---
--- [Tue Dec 28 18:59:46 2021] Extracting iterative edges from k = 61 to 81 ---
--- [Tue Dec 28 19:14:31 2021] Building graph for k = 81 ---
--- [Tue Dec 28 19:24:57 2021] Assembling contigs from SdBG for k = 81 ---
--- [Tue Dec 28 20:32:45 2021] Local assembling k = 81 ---
--- [Tue Dec 28 20:55:42 2021] Extracting iterative edges from k = 81 to 99 ---
--- [Tue Dec 28 21:08:57 2021] Building graph for k = 99 ---
--- [Tue Dec 28 21:15:43 2021] Assembling contigs from SdBG for k = 99 ---
--- [Tue Dec 28 22:08:55 2021] Merging to output final contigs ---
--- [STAT] 2672554 contigs, total 940470192 bp, min 200 bp, max 4696 bp, avg 352 bp, N50 329 bp
--- [Tue Dec 28 22:09:00 2021] ALL DONE. Time elapsed: 45326.739954 seconds ---
