Building a SMALL index
72359205 reads; of these:
  72359205 (100.00%) were paired; of these:
    72359203 (100.00%) aligned concordantly 0 times
    2 (0.00%) aligned concordantly exactly 1 time
    0 (0.00%) aligned concordantly >1 times
    ----
    72359203 pairs aligned concordantly 0 times; of these:
      230233 (0.32%) aligned discordantly 1 time
    ----
    72128970 pairs aligned 0 times concordantly or discordantly; of these:
      144257940 mates make up the pairs; of these:
        138560358 (96.05%) aligned 0 times
        5616914 (3.89%) aligned exactly 1 time
        80668 (0.06%) aligned >1 times
4.26% overall alignment rate
                                                                                [48;5;6m[38;5;0m[05 Jan 22 07:02:26 SORT] Sorting BAM File... May take a while depending  (...)[0m                                                                                Sorted BAM File ..............................: /home/jemizzi/biogeo/data/02_mapping/SRR5468153/SRR5468153.bam
                                                                                [48;5;6m[38;5;0m[05 Jan 22 07:07:46 INDEX] Indexing BAM File...                                [0m                                                                                BAM File Index ...............................: /home/jemizzi/biogeo/data/02_mapping/SRR5468153/SRR5468153.bam.bai
Output depth matrix to 03_binning/SRR5468153/depth.txt
jgi_summarize_bam_contig_depths 2.15 (Bioconda) 2020-01-04T21:10:40
Output matrix to 03_binning/SRR5468153/depth.txt
0: Opening bam: 02_mapping/SRR5468153/SRR5468153.bam
Processing bam files
Thread 0 finished: SRR5468153.bam with 6158052 reads and 3218119 readsWellMapped
Creating depth matrix file: 03_binning/SRR5468153/depth.txt
Closing most bam files
Closing last bam file
Finished
