Building a SMALL index
7451124 reads; of these:
  7451124 (100.00%) were paired; of these:
    7450965 (100.00%) aligned concordantly 0 times
    130 (0.00%) aligned concordantly exactly 1 time
    29 (0.00%) aligned concordantly >1 times
    ----
    7450965 pairs aligned concordantly 0 times; of these:
      36411 (0.49%) aligned discordantly 1 time
    ----
    7414554 pairs aligned 0 times concordantly or discordantly; of these:
      14829108 mates make up the pairs; of these:
        13851007 (93.40%) aligned 0 times
        938777 (6.33%) aligned exactly 1 time
        39324 (0.27%) aligned >1 times
7.05% overall alignment rate
                                                                                [48;5;6m[38;5;0m[04 Jan 22 23:01:19 SORT] Sorting BAM File... May take a while depending  (...)[0m                                                                                Sorted BAM File ..............................: /home/jemizzi/biogeo/data/02_mapping/SRR7528444/SRR7528444.bam
                                                                                [48;5;6m[38;5;0m[04 Jan 22 23:01:57 INDEX] Indexing BAM File...                                [0m                                                                                BAM File Index ...............................: /home/jemizzi/biogeo/data/02_mapping/SRR7528444/SRR7528444.bam.bai
Output depth matrix to 03_binning/SRR7528444/depth.txt
jgi_summarize_bam_contig_depths 2.15 (Bioconda) 2020-01-04T21:10:40
Output matrix to 03_binning/SRR7528444/depth.txt
0: Opening bam: 02_mapping/SRR7528444/SRR7528444.bam
Processing bam files
Thread 0 finished: SRR7528444.bam with 1051241 reads and 683546 readsWellMapped
Creating depth matrix file: 03_binning/SRR7528444/depth.txt
Closing most bam files
Closing last bam file
Finished
