Building a SMALL index
24077756 reads; of these:
  24077756 (100.00%) were paired; of these:
    24077752 (100.00%) aligned concordantly 0 times
    0 (0.00%) aligned concordantly exactly 1 time
    4 (0.00%) aligned concordantly >1 times
    ----
    24077752 pairs aligned concordantly 0 times; of these:
      157677 (0.65%) aligned discordantly 1 time
    ----
    23920075 pairs aligned 0 times concordantly or discordantly; of these:
      47840150 mates make up the pairs; of these:
        44363965 (92.73%) aligned 0 times
        3207661 (6.70%) aligned exactly 1 time
        268524 (0.56%) aligned >1 times
7.87% overall alignment rate
                                                                                [48;5;6m[38;5;0m[04 Jan 22 23:19:32 SORT] Sorting BAM File... May take a while depending  (...)[0m                                                                                Sorted BAM File ..............................: /home/jemizzi/biogeo/data/02_mapping/SRR7428116/SRR7428116.bam
                                                                                [48;5;6m[38;5;0m[04 Jan 22 23:22:23 INDEX] Indexing BAM File...                                [0m                                                                                BAM File Index ...............................: /home/jemizzi/biogeo/data/02_mapping/SRR7428116/SRR7428116.bam.bai
Output depth matrix to 03_binning/SRR7428116/depth.txt
jgi_summarize_bam_contig_depths 2.15 (Bioconda) 2020-01-04T21:10:40
Output matrix to 03_binning/SRR7428116/depth.txt
0: Opening bam: 02_mapping/SRR7428116/SRR7428116.bam
Processing bam files
Thread 0 finished: SRR7428116.bam with 3791547 reads and 2621269 readsWellMapped
Creating depth matrix file: 03_binning/SRR7428116/depth.txt
Closing most bam files
Closing last bam file
Finished
