Module megahit/1.0.6 loaded 
1003.926Gb memory in total.
Using: 903.533Gb.
MEGAHIT v1.0.6
--- [Wed Dec 29 06:30:17 2021] Start assembly. Number of CPU threads 96 ---
--- [Wed Dec 29 06:30:17 2021] Available memory: 1077957013504, used: 970161312153
--- [Wed Dec 29 06:30:17 2021] k list: 21,41,61,81,99 ---
--- [Wed Dec 29 06:30:17 2021] Converting reads to binaries ---
b'    [read_lib_functions-inl.h  : 209]     Lib 0 (SRR7428116.fastq.gz): se, 48155513 reads, 200 max length'
b'    [utils.h                   : 126]     Real: 226.8304\tuser: 77.8894\tsys: 9.2182\tmaxrss: 161340'
--- [Wed Dec 29 06:34:04 2021] Extracting solid (k+1)-mers for k = 21 ---
--- [Wed Dec 29 07:07:39 2021] Building graph for k = 21 ---
--- [Wed Dec 29 08:09:04 2021] Assembling contigs from SdBG for k = 21 ---
--- [Wed Dec 29 10:44:10 2021] Local assembling k = 21 ---
--- [Wed Dec 29 11:15:34 2021] Extracting iterative edges from k = 21 to 41 ---
--- [Wed Dec 29 11:47:56 2021] Building graph for k = 41 ---
--- [Wed Dec 29 12:09:14 2021] Assembling contigs from SdBG for k = 41 ---
--- [Wed Dec 29 13:56:56 2021] Local assembling k = 41 ---
--- [Wed Dec 29 14:40:29 2021] Extracting iterative edges from k = 41 to 61 ---
--- [Wed Dec 29 15:04:52 2021] Building graph for k = 61 ---
--- [Wed Dec 29 15:16:57 2021] Assembling contigs from SdBG for k = 61 ---
--- [Wed Dec 29 16:28:42 2021] Local assembling k = 61 ---
--- [Wed Dec 29 17:02:26 2021] Extracting iterative edges from k = 61 to 81 ---
--- [Wed Dec 29 17:18:29 2021] Building graph for k = 81 ---
--- [Wed Dec 29 17:26:15 2021] Assembling contigs from SdBG for k = 81 ---
--- [Wed Dec 29 18:26:42 2021] Local assembling k = 81 ---
--- [Wed Dec 29 18:55:46 2021] Extracting iterative edges from k = 81 to 99 ---
--- [Wed Dec 29 19:10:47 2021] Building graph for k = 99 ---
--- [Wed Dec 29 19:16:16 2021] Assembling contigs from SdBG for k = 99 ---
--- [Wed Dec 29 20:07:58 2021] Merging to output final contigs ---
--- [STAT] 2128715 contigs, total 964189761 bp, min 200 bp, max 36453 bp, avg 453 bp, N50 433 bp
--- [Wed Dec 29 20:08:03 2021] ALL DONE. Time elapsed: 49065.800796 seconds ---
