Building a SMALL index
30696300 reads; of these:
  30696300 (100.00%) were paired; of these:
    30696299 (100.00%) aligned concordantly 0 times
    1 (0.00%) aligned concordantly exactly 1 time
    0 (0.00%) aligned concordantly >1 times
    ----
    30696299 pairs aligned concordantly 0 times; of these:
      205293 (0.67%) aligned discordantly 1 time
    ----
    30491006 pairs aligned 0 times concordantly or discordantly; of these:
      60982012 mates make up the pairs; of these:
        57416408 (94.15%) aligned 0 times
        3496101 (5.73%) aligned exactly 1 time
        69503 (0.11%) aligned >1 times
6.48% overall alignment rate
                                                                                [48;5;6m[38;5;0m[05 Jan 22 01:48:31 SORT] Sorting BAM File... May take a while depending  (...)[0m                                                                                Sorted BAM File ..............................: /home/jemizzi/biogeo/data/02_mapping/SRR5829599/SRR5829599.bam
                                                                                [48;5;6m[38;5;0m[05 Jan 22 01:51:57 INDEX] Indexing BAM File...                                [0m                                                                                BAM File Index ...............................: /home/jemizzi/biogeo/data/02_mapping/SRR5829599/SRR5829599.bam.bai
Output depth matrix to 03_binning/SRR5829599/depth.txt
jgi_summarize_bam_contig_depths 2.15 (Bioconda) 2020-01-04T21:10:40
Output matrix to 03_binning/SRR5829599/depth.txt
0: Opening bam: 02_mapping/SRR5829599/SRR5829599.bam
Processing bam files
Thread 0 finished: SRR5829599.bam with 3976192 reads and 2541314 readsWellMapped
Creating depth matrix file: 03_binning/SRR5829599/depth.txt
Closing most bam files
Closing last bam file
Finished
