Module megahit/1.0.6 loaded 
1003.925Gb memory in total.
Using: 903.533Gb.
MEGAHIT v1.0.6
--- [Tue Dec 21 15:49:04 2021] Start assembly. Number of CPU threads 96 ---
--- [Tue Dec 21 15:49:04 2021] Available memory: 1077956792320, used: 970161113088
--- [Tue Dec 21 15:49:04 2021] k list: 21,41,61,81,99 ---
--- [Tue Dec 21 15:49:04 2021] Converting reads to binaries ---
b'    [read_lib_functions-inl.h  : 209]     Lib 0 (SRR5829599.fastq.gz): interleaved, 61392600 reads, 302 max length'
b'    [utils.h                   : 126]     Real: 353.3092\tuser: 143.8186\tsys: 13.8850\tmaxrss: 149580'
--- [Tue Dec 21 15:54:58 2021] Extracting solid (k+1)-mers for k = 21 ---
--- [Tue Dec 21 16:53:57 2021] Building graph for k = 21 ---
--- [Tue Dec 21 17:36:11 2021] Assembling contigs from SdBG for k = 21 ---
--- [Tue Dec 21 19:42:54 2021] Local assembling k = 21 ---
--- [Tue Dec 21 21:41:24 2021] Extracting iterative edges from k = 21 to 41 ---
--- [Tue Dec 21 22:37:16 2021] Building graph for k = 41 ---
--- [Tue Dec 21 23:10:10 2021] Assembling contigs from SdBG for k = 41 ---
--- [Wed Dec 22 01:37:54 2021] Local assembling k = 41 ---
--- [Wed Dec 22 05:19:28 2021] Extracting iterative edges from k = 41 to 61 ---
--- [Wed Dec 22 06:13:41 2021] Building graph for k = 61 ---
--- [Wed Dec 22 06:55:51 2021] Assembling contigs from SdBG for k = 61 ---
--- [Wed Dec 22 09:54:14 2021] Local assembling k = 61 ---
--- [Wed Dec 22 12:56:13 2021] Extracting iterative edges from k = 61 to 81 ---
--- [Wed Dec 22 13:42:15 2021] Building graph for k = 81 ---
--- [Wed Dec 22 14:18:29 2021] Assembling contigs from SdBG for k = 81 ---
--- [Wed Dec 22 18:09:38 2021] Local assembling k = 81 ---
--- [Wed Dec 22 19:38:11 2021] Extracting iterative edges from k = 81 to 99 ---
--- [Wed Dec 22 20:31:51 2021] Building graph for k = 99 ---
--- [Wed Dec 22 20:56:25 2021] Assembling contigs from SdBG for k = 99 ---
--- [Wed Dec 22 23:24:33 2021] Merging to output final contigs ---
--- [STAT] 4929041 contigs, total 1877025160 bp, min 200 bp, max 27496 bp, avg 381 bp, N50 363 bp
--- [Wed Dec 22 23:24:47 2021] ALL DONE. Time elapsed: 113744.730336 seconds ---
