Building a SMALL index
6376236 reads; of these:
  6376236 (100.00%) were paired; of these:
    6376236 (100.00%) aligned concordantly 0 times
    0 (0.00%) aligned concordantly exactly 1 time
    0 (0.00%) aligned concordantly >1 times
    ----
    6376236 pairs aligned concordantly 0 times; of these:
      28599 (0.45%) aligned discordantly 1 time
    ----
    6347637 pairs aligned 0 times concordantly or discordantly; of these:
      12695274 mates make up the pairs; of these:
        11951847 (94.14%) aligned 0 times
        742726 (5.85%) aligned exactly 1 time
        701 (0.01%) aligned >1 times
6.28% overall alignment rate
                                                                                [48;5;6m[38;5;0m[04 Jan 22 22:14:11 SORT] Sorting BAM File... May take a while depending  (...)[0m                                                                                Sorted BAM File ..............................: /home/jemizzi/biogeo/data/02_mapping/SRR6048908/SRR6048908.bam
                                                                                [48;5;6m[38;5;0m[04 Jan 22 22:14:53 INDEX] Indexing BAM File...                                [0m                                                                                BAM File Index ...............................: /home/jemizzi/biogeo/data/02_mapping/SRR6048908/SRR6048908.bam.bai
Output depth matrix to 03_binning/SRR6048908/depth.txt
jgi_summarize_bam_contig_depths 2.15 (Bioconda) 2020-01-04T21:10:40
Output matrix to 03_binning/SRR6048908/depth.txt
0: Opening bam: 02_mapping/SRR6048908/SRR6048908.bam
Processing bam files
Thread 0 finished: SRR6048908.bam with 800625 reads and 614340 readsWellMapped
Creating depth matrix file: 03_binning/SRR6048908/depth.txt
Closing most bam files
Closing last bam file
Finished
