Building a SMALL index
13462149 reads; of these:
  13462149 (100.00%) were paired; of these:
    13462001 (100.00%) aligned concordantly 0 times
    148 (0.00%) aligned concordantly exactly 1 time
    0 (0.00%) aligned concordantly >1 times
    ----
    13462001 pairs aligned concordantly 0 times; of these:
      444652 (3.30%) aligned discordantly 1 time
    ----
    13017349 pairs aligned 0 times concordantly or discordantly; of these:
      26034698 mates make up the pairs; of these:
        23412446 (89.93%) aligned 0 times
        2607354 (10.01%) aligned exactly 1 time
        14898 (0.06%) aligned >1 times
13.04% overall alignment rate
                                                                                [48;5;6m[38;5;0m[04 Jan 22 23:01:19 SORT] Sorting BAM File... May take a while depending  (...)[0m                                                                                Sorted BAM File ..............................: /home/jemizzi/biogeo/data/02_mapping/ERR1333181/ERR1333181.bam
                                                                                [48;5;6m[38;5;0m[04 Jan 22 23:04:22 INDEX] Indexing BAM File...                                [0m                                                                                BAM File Index ...............................: /home/jemizzi/biogeo/data/02_mapping/ERR1333181/ERR1333181.bam.bai
Output depth matrix to 03_binning/ERR1333181/depth.txt
jgi_summarize_bam_contig_depths 2.15 (Bioconda) 2020-01-04T21:10:40
Output matrix to 03_binning/ERR1333181/depth.txt
0: Opening bam: 02_mapping/ERR1333181/ERR1333181.bam
Processing bam files
Thread 0 finished: ERR1333181.bam with 3511852 reads and 2115384 readsWellMapped
Creating depth matrix file: 03_binning/ERR1333181/depth.txt
Closing most bam files
Closing last bam file
Finished
