Building a SMALL index
31750484 reads; of these:
  31750484 (100.00%) were paired; of these:
    31750478 (100.00%) aligned concordantly 0 times
    5 (0.00%) aligned concordantly exactly 1 time
    1 (0.00%) aligned concordantly >1 times
    ----
    31750478 pairs aligned concordantly 0 times; of these:
      147228 (0.46%) aligned discordantly 1 time
    ----
    31603250 pairs aligned 0 times concordantly or discordantly; of these:
      63206500 mates make up the pairs; of these:
        59297512 (93.82%) aligned 0 times
        3872540 (6.13%) aligned exactly 1 time
        36448 (0.06%) aligned >1 times
6.62% overall alignment rate
                                                                                [48;5;6m[38;5;0m[05 Jan 22 01:18:44 SORT] Sorting BAM File... May take a while depending  (...)[0m                                                                                Sorted BAM File ..............................: /home/jemizzi/biogeo/data/02_mapping/SRR5459769/SRR5459769.bam
                                                                                [48;5;6m[38;5;0m[05 Jan 22 01:22:29 INDEX] Indexing BAM File...                                [0m                                                                                BAM File Index ...............................: /home/jemizzi/biogeo/data/02_mapping/SRR5459769/SRR5459769.bam.bai
Output depth matrix to 03_binning/SRR5459769/depth.txt
jgi_summarize_bam_contig_depths 2.15 (Bioconda) 2020-01-04T21:10:40
Output matrix to 03_binning/SRR5459769/depth.txt
0: Opening bam: 02_mapping/SRR5459769/SRR5459769.bam
Processing bam files
Thread 0 finished: SRR5459769.bam with 4203456 reads and 3068443 readsWellMapped
Creating depth matrix file: 03_binning/SRR5459769/depth.txt
Closing most bam files
Closing last bam file
Finished
